<?xml version="1.0" encoding="UTF-8"?>
<testsuite name="test.pivotal.pal.trackerapi.WelcomeApiTest" tests="1" skipped="0" failures="0" errors="0" timestamp="2019-08-07T15:28:57" hostname="pal4-OptiPlex-7050" time="0.034">
  <properties/>
  <testcase name="exampleTest" classname="test.pivotal.pal.trackerapi.WelcomeApiTest" time="0.034"/>
  <system-out><![CDATA[2019-08-07 20:58:57.298  INFO 22378 --- [    Test worker] .b.t.c.SpringBootTestContextBootstrapper : Neither @ContextConfiguration nor @ContextHierarchy found for test class [test.pivotal.pal.trackerapi.WelcomeApiTest], using SpringBootContextLoader
2019-08-07 20:58:57.300  INFO 22378 --- [    Test worker] o.s.t.c.support.AbstractContextLoader    : Could not detect default resource locations for test class [test.pivotal.pal.trackerapi.WelcomeApiTest]: no resource found for suffixes {-context.xml, Context.groovy}.
2019-08-07 20:58:57.305  INFO 22378 --- [    Test worker] .b.t.c.SpringBootTestContextBootstrapper : Loaded default TestExecutionListener class names from location [META-INF/spring.factories]: [org.springframework.boot.test.autoconfigure.restdocs.RestDocsTestExecutionListener, org.springframework.boot.test.autoconfigure.web.client.MockRestServiceServerResetTestExecutionListener, org.springframework.boot.test.autoconfigure.web.servlet.MockMvcPrintOnlyOnFailureTestExecutionListener, org.springframework.boot.test.autoconfigure.web.servlet.WebDriverTestExecutionListener, org.springframework.boot.test.mock.mockito.MockitoTestExecutionListener, org.springframework.boot.test.mock.mockito.ResetMocksTestExecutionListener, org.springframework.test.context.web.ServletTestExecutionListener, org.springframework.test.context.support.DirtiesContextBeforeModesTestExecutionListener, org.springframework.test.context.support.DependencyInjectionTestExecutionListener, org.springframework.test.context.support.DirtiesContextTestExecutionListener, org.springframework.test.context.transaction.TransactionalTestExecutionListener, org.springframework.test.context.jdbc.SqlScriptsTestExecutionListener]
2019-08-07 20:58:57.306  INFO 22378 --- [    Test worker] .b.t.c.SpringBootTestContextBootstrapper : Using TestExecutionListeners: [org.springframework.test.context.web.ServletTestExecutionListener@574c7063, org.springframework.test.context.support.DirtiesContextBeforeModesTestExecutionListener@6d710b1d, org.springframework.boot.test.mock.mockito.MockitoTestExecutionListener@4dd51ae6, org.springframework.boot.test.autoconfigure.SpringBootDependencyInjectionTestExecutionListener@b5ada75, org.springframework.test.context.support.DirtiesContextTestExecutionListener@3fa16c15, org.springframework.test.context.transaction.TransactionalTestExecutionListener@5aedb11f, org.springframework.test.context.jdbc.SqlScriptsTestExecutionListener@3f8a828e, org.springframework.boot.test.autoconfigure.restdocs.RestDocsTestExecutionListener@625e6e78, org.springframework.boot.test.autoconfigure.web.client.MockRestServiceServerResetTestExecutionListener@562b77e2, org.springframework.boot.test.autoconfigure.web.servlet.MockMvcPrintOnlyOnFailureTestExecutionListener@61f95171, org.springframework.boot.test.autoconfigure.web.servlet.WebDriverTestExecutionListener@a8c2132, org.springframework.boot.test.mock.mockito.ResetMocksTestExecutionListener@1bb0a3b5]
]]></system-out>
  <system-err><![CDATA[]]></system-err>
</testsuite>
