<?xml version="1.0" encoding="UTF-8"?>
<testsuite name="test.pivotal.pal.tracker.TimeEntryControllerTest" tests="7" skipped="0" failures="0" errors="0" timestamp="2019-08-07T15:28:58" hostname="pal4-OptiPlex-7050" time="1.044">
  <properties/>
  <testcase name="testList" classname="test.pivotal.pal.tracker.TimeEntryControllerTest" time="1.03"/>
  <testcase name="testRead" classname="test.pivotal.pal.tracker.TimeEntryControllerTest" time="0.002"/>
  <testcase name="testRead_NotFound" classname="test.pivotal.pal.tracker.TimeEntryControllerTest" time="0.001"/>
  <testcase name="testUpdate_NotFound" classname="test.pivotal.pal.tracker.TimeEntryControllerTest" time="0.004"/>
  <testcase name="testCreate" classname="test.pivotal.pal.tracker.TimeEntryControllerTest" time="0.002"/>
  <testcase name="testDelete" classname="test.pivotal.pal.tracker.TimeEntryControllerTest" time="0.002"/>
  <testcase name="testUpdate" classname="test.pivotal.pal.tracker.TimeEntryControllerTest" time="0.001"/>
  <system-out><![CDATA[]]></system-out>
  <system-err><![CDATA[]]></system-err>
</testsuite>
