<?xml version="1.0" encoding="UTF-8"?>
<testsuite name="test.pivotal.pal.trackerapi.WelcomeApiTest" tests="1" skipped="0" failures="0" errors="0" timestamp="2019-08-06T19:30:33" hostname="pal4-OptiPlex-7050" time="0.02">
  <properties/>
  <testcase name="exampleTest" classname="test.pivotal.pal.trackerapi.WelcomeApiTest" time="0.02"/>
  <system-out><![CDATA[2019-08-07 01:00:33.090  INFO 32285 --- [    Test worker] .b.t.c.SpringBootTestContextBootstrapper : Neither @ContextConfiguration nor @ContextHierarchy found for test class [test.pivotal.pal.trackerapi.WelcomeApiTest], using SpringBootContextLoader
2019-08-07 01:00:33.091  INFO 32285 --- [    Test worker] o.s.t.c.support.AbstractContextLoader    : Could not detect default resource locations for test class [test.pivotal.pal.trackerapi.WelcomeApiTest]: no resource found for suffixes {-context.xml, Context.groovy}.
2019-08-07 01:00:33.095  INFO 32285 --- [    Test worker] .b.t.c.SpringBootTestContextBootstrapper : Loaded default TestExecutionListener class names from location [META-INF/spring.factories]: [org.springframework.boot.test.autoconfigure.restdocs.RestDocsTestExecutionListener, org.springframework.boot.test.autoconfigure.web.client.MockRestServiceServerResetTestExecutionListener, org.springframework.boot.test.autoconfigure.web.servlet.MockMvcPrintOnlyOnFailureTestExecutionListener, org.springframework.boot.test.autoconfigure.web.servlet.WebDriverTestExecutionListener, org.springframework.boot.test.mock.mockito.MockitoTestExecutionListener, org.springframework.boot.test.mock.mockito.ResetMocksTestExecutionListener, org.springframework.test.context.web.ServletTestExecutionListener, org.springframework.test.context.support.DirtiesContextBeforeModesTestExecutionListener, org.springframework.test.context.support.DependencyInjectionTestExecutionListener, org.springframework.test.context.support.DirtiesContextTestExecutionListener, org.springframework.test.context.transaction.TransactionalTestExecutionListener, org.springframework.test.context.jdbc.SqlScriptsTestExecutionListener]
2019-08-07 01:00:33.098  INFO 32285 --- [    Test worker] .b.t.c.SpringBootTestContextBootstrapper : Using TestExecutionListeners: [org.springframework.test.context.web.ServletTestExecutionListener@6d94a713, org.springframework.test.context.support.DirtiesContextBeforeModesTestExecutionListener@7e3ce44f, org.springframework.boot.test.mock.mockito.MockitoTestExecutionListener@1a771a0b, org.springframework.boot.test.autoconfigure.SpringBootDependencyInjectionTestExecutionListener@22b5f84, org.springframework.test.context.support.DirtiesContextTestExecutionListener@4a4fcced, org.springframework.boot.test.autoconfigure.restdocs.RestDocsTestExecutionListener@53c85777, org.springframework.boot.test.autoconfigure.web.client.MockRestServiceServerResetTestExecutionListener@71cdb847, org.springframework.boot.test.autoconfigure.web.servlet.MockMvcPrintOnlyOnFailureTestExecutionListener@29420e85, org.springframework.boot.test.autoconfigure.web.servlet.WebDriverTestExecutionListener@1dde97e4, org.springframework.boot.test.mock.mockito.ResetMocksTestExecutionListener@cbc08c7]
]]></system-out>
  <system-err><![CDATA[]]></system-err>
</testsuite>
