<?xml version="1.0" encoding="UTF-8"?>
<testsuite name="test.pivotal.pal.trackerapi.WelcomeApiTest" tests="1" skipped="0" failures="0" errors="0" timestamp="2019-08-07T11:09:01" hostname="pal4-OptiPlex-7050" time="0.019">
  <properties/>
  <testcase name="exampleTest" classname="test.pivotal.pal.trackerapi.WelcomeApiTest" time="0.019"/>
  <system-out><![CDATA[2019-08-07 16:39:01.429  INFO 15392 --- [    Test worker] .b.t.c.SpringBootTestContextBootstrapper : Neither @ContextConfiguration nor @ContextHierarchy found for test class [test.pivotal.pal.trackerapi.WelcomeApiTest], using SpringBootContextLoader
2019-08-07 16:39:01.430  INFO 15392 --- [    Test worker] o.s.t.c.support.AbstractContextLoader    : Could not detect default resource locations for test class [test.pivotal.pal.trackerapi.WelcomeApiTest]: no resource found for suffixes {-context.xml, Context.groovy}.
2019-08-07 16:39:01.435  INFO 15392 --- [    Test worker] .b.t.c.SpringBootTestContextBootstrapper : Loaded default TestExecutionListener class names from location [META-INF/spring.factories]: [org.springframework.boot.test.autoconfigure.restdocs.RestDocsTestExecutionListener, org.springframework.boot.test.autoconfigure.web.client.MockRestServiceServerResetTestExecutionListener, org.springframework.boot.test.autoconfigure.web.servlet.MockMvcPrintOnlyOnFailureTestExecutionListener, org.springframework.boot.test.autoconfigure.web.servlet.WebDriverTestExecutionListener, org.springframework.boot.test.mock.mockito.MockitoTestExecutionListener, org.springframework.boot.test.mock.mockito.ResetMocksTestExecutionListener, org.springframework.test.context.web.ServletTestExecutionListener, org.springframework.test.context.support.DirtiesContextBeforeModesTestExecutionListener, org.springframework.test.context.support.DependencyInjectionTestExecutionListener, org.springframework.test.context.support.DirtiesContextTestExecutionListener, org.springframework.test.context.transaction.TransactionalTestExecutionListener, org.springframework.test.context.jdbc.SqlScriptsTestExecutionListener]
2019-08-07 16:39:01.437  INFO 15392 --- [    Test worker] .b.t.c.SpringBootTestContextBootstrapper : Using TestExecutionListeners: [org.springframework.test.context.web.ServletTestExecutionListener@742eefc9, org.springframework.test.context.support.DirtiesContextBeforeModesTestExecutionListener@468ba4e6, org.springframework.boot.test.mock.mockito.MockitoTestExecutionListener@1cb5c07f, org.springframework.boot.test.autoconfigure.SpringBootDependencyInjectionTestExecutionListener@3ea081e1, org.springframework.test.context.support.DirtiesContextTestExecutionListener@3df3615b, org.springframework.boot.test.autoconfigure.restdocs.RestDocsTestExecutionListener@26c44e97, org.springframework.boot.test.autoconfigure.web.client.MockRestServiceServerResetTestExecutionListener@14c0c408, org.springframework.boot.test.autoconfigure.web.servlet.MockMvcPrintOnlyOnFailureTestExecutionListener@2ed5f0f8, org.springframework.boot.test.autoconfigure.web.servlet.WebDriverTestExecutionListener@80ab5c0, org.springframework.boot.test.mock.mockito.ResetMocksTestExecutionListener@cbef2a0]
]]></system-out>
  <system-err><![CDATA[]]></system-err>
</testsuite>
