<?xml version="1.0" encoding="UTF-8"?>
<testsuite name="test.pivotal.pal.trackerapi.HealthApiTest" tests="1" skipped="0" failures="0" errors="0" timestamp="2019-08-07T15:28:57" hostname="pal4-OptiPlex-7050" time="0.095">
  <properties/>
  <testcase name="healthTest" classname="test.pivotal.pal.trackerapi.HealthApiTest" time="0.095"/>
  <system-out><![CDATA[2019-08-07 20:58:57.350  INFO 22378 --- [    Test worker] .b.t.c.SpringBootTestContextBootstrapper : Neither @ContextConfiguration nor @ContextHierarchy found for test class [test.pivotal.pal.trackerapi.HealthApiTest], using SpringBootContextLoader
2019-08-07 20:58:57.352  INFO 22378 --- [    Test worker] o.s.t.c.support.AbstractContextLoader    : Could not detect default resource locations for test class [test.pivotal.pal.trackerapi.HealthApiTest]: no resource found for suffixes {-context.xml, Context.groovy}.
2019-08-07 20:58:57.356  INFO 22378 --- [    Test worker] .b.t.c.SpringBootTestContextBootstrapper : Loaded default TestExecutionListener class names from location [META-INF/spring.factories]: [org.springframework.boot.test.autoconfigure.restdocs.RestDocsTestExecutionListener, org.springframework.boot.test.autoconfigure.web.client.MockRestServiceServerResetTestExecutionListener, org.springframework.boot.test.autoconfigure.web.servlet.MockMvcPrintOnlyOnFailureTestExecutionListener, org.springframework.boot.test.autoconfigure.web.servlet.WebDriverTestExecutionListener, org.springframework.boot.test.mock.mockito.MockitoTestExecutionListener, org.springframework.boot.test.mock.mockito.ResetMocksTestExecutionListener, org.springframework.test.context.web.ServletTestExecutionListener, org.springframework.test.context.support.DirtiesContextBeforeModesTestExecutionListener, org.springframework.test.context.support.DependencyInjectionTestExecutionListener, org.springframework.test.context.support.DirtiesContextTestExecutionListener, org.springframework.test.context.transaction.TransactionalTestExecutionListener, org.springframework.test.context.jdbc.SqlScriptsTestExecutionListener]
2019-08-07 20:58:57.357  INFO 22378 --- [    Test worker] .b.t.c.SpringBootTestContextBootstrapper : Using TestExecutionListeners: [org.springframework.test.context.web.ServletTestExecutionListener@2d0a3dfd, org.springframework.test.context.support.DirtiesContextBeforeModesTestExecutionListener@2cab6c73, org.springframework.boot.test.mock.mockito.MockitoTestExecutionListener@4ffba7d1, org.springframework.boot.test.autoconfigure.SpringBootDependencyInjectionTestExecutionListener@3d9ddda7, org.springframework.test.context.support.DirtiesContextTestExecutionListener@4104fa3c, org.springframework.test.context.transaction.TransactionalTestExecutionListener@363bde9b, org.springframework.test.context.jdbc.SqlScriptsTestExecutionListener@246c32a2, org.springframework.boot.test.autoconfigure.restdocs.RestDocsTestExecutionListener@774fb36d, org.springframework.boot.test.autoconfigure.web.client.MockRestServiceServerResetTestExecutionListener@117c62a2, org.springframework.boot.test.autoconfigure.web.servlet.MockMvcPrintOnlyOnFailureTestExecutionListener@795ba910, org.springframework.boot.test.autoconfigure.web.servlet.WebDriverTestExecutionListener@3c676dbb, org.springframework.boot.test.mock.mockito.ResetMocksTestExecutionListener@36396581]
]]></system-out>
  <system-err><![CDATA[]]></system-err>
</testsuite>
